  lab4.cpp
C:\Users\adema\Desktop\Ders\Microp\Odev4\lab4-visualstudio\lab4.cpp(60,15): error C2371: 'k': redefinition; different basic types
      C:\Users\adema\Desktop\Ders\Microp\Odev4\lab4-visualstudio\lab4.cpp(18,20):
      see declaration of 'k'
  
C:\Users\adema\Desktop\Ders\Microp\Odev4\lab4-visualstudio\lab4.cpp(65,14): error C2371: 'i': redefinition; different basic types
      C:\Users\adema\Desktop\Ders\Microp\Odev4\lab4-visualstudio\lab4.cpp(60,9):
      see declaration of 'i'
  
C:\Users\adema\Desktop\Ders\Microp\Odev4\lab4-visualstudio\lab4.cpp(65,17): error C2371: 'j': redefinition; different basic types
      C:\Users\adema\Desktop\Ders\Microp\Odev4\lab4-visualstudio\lab4.cpp(60,12):
      see declaration of 'j'
  
C:\Users\adema\Desktop\Ders\Microp\Odev4\lab4-visualstudio\lab4.cpp(65,27): error C2371: 'l': redefinition; different basic types
      C:\Users\adema\Desktop\Ders\Microp\Odev4\lab4-visualstudio\lab4.cpp(60,18):
      see declaration of 'l'
  
C:\Users\adema\Desktop\Ders\Microp\Odev4\lab4-visualstudio\lab4.cpp(66,14): error C2086: 'unsigned int matrix_value': redefinition
      C:\Users\adema\Desktop\Ders\Microp\Odev4\lab4-visualstudio\lab4.cpp(56,14):
      see declaration of 'matrix_value'
  
C:\Users\adema\Desktop\Ders\Microp\Odev4\lab4-visualstudio\lab4.cpp(67,14): error C2374: 'kernel_value': redefinition; multiple initialization
      C:\Users\adema\Desktop\Ders\Microp\Odev4\lab4-visualstudio\lab4.cpp(56,28):
      see declaration of 'kernel_value'
  
C:\Users\adema\Desktop\Ders\Microp\Odev4\lab4-visualstudio\lab4.cpp(68,14): error C2086: 'unsigned int sum': redefinition
      C:\Users\adema\Desktop\Ders\Microp\Odev4\lab4-visualstudio\lab4.cpp(57,14):
      see declaration of 'sum'
  
C:\Users\adema\Desktop\Ders\Microp\Odev4\lab4-visualstudio\lab4.cpp(73,5): error C4235: nonstandard extension used: '__asm' keyword not supported on this architecture
C:\Users\adema\Desktop\Ders\Microp\Odev4\lab4-visualstudio\lab4.cpp(74,9): error C2065: 'PUSH': undeclared identifier
C:\Users\adema\Desktop\Ders\Microp\Odev4\lab4-visualstudio\lab4.cpp(74,14): error C2146: syntax error: missing ';' before identifier 'ESI'
C:\Users\adema\Desktop\Ders\Microp\Odev4\lab4-visualstudio\lab4.cpp(74,14): error C2065: 'ESI': undeclared identifier
C:\Users\adema\Desktop\Ders\Microp\Odev4\lab4-visualstudio\lab4.cpp(75,9): error C2146: syntax error: missing ';' before identifier 'PUSH'
C:\Users\adema\Desktop\Ders\Microp\Odev4\lab4-visualstudio\lab4.cpp(75,9): error C2065: 'PUSH': undeclared identifier
C:\Users\adema\Desktop\Ders\Microp\Odev4\lab4-visualstudio\lab4.cpp(75,14): error C2146: syntax error: missing ';' before identifier 'EDI'
C:\Users\adema\Desktop\Ders\Microp\Odev4\lab4-visualstudio\lab4.cpp(75,14): error C2065: 'EDI': undeclared identifier
C:\Users\adema\Desktop\Ders\Microp\Odev4\lab4-visualstudio\lab4.cpp(76,9): error C2146: syntax error: missing ';' before identifier 'PUSH'
C:\Users\adema\Desktop\Ders\Microp\Odev4\lab4-visualstudio\lab4.cpp(76,9): error C2065: 'PUSH': undeclared identifier
C:\Users\adema\Desktop\Ders\Microp\Odev4\lab4-visualstudio\lab4.cpp(76,14): error C2146: syntax error: missing ';' before identifier 'EBX'
C:\Users\adema\Desktop\Ders\Microp\Odev4\lab4-visualstudio\lab4.cpp(76,14): error C2065: 'EBX': undeclared identifier
C:\Users\adema\Desktop\Ders\Microp\Odev4\lab4-visualstudio\lab4.cpp(78,9): error C2146: syntax error: missing ';' before identifier 'XOR'
C:\Users\adema\Desktop\Ders\Microp\Odev4\lab4-visualstudio\lab4.cpp(78,9): error C2065: 'XOR': undeclared identifier
C:\Users\adema\Desktop\Ders\Microp\Odev4\lab4-visualstudio\lab4.cpp(78,13): error C2146: syntax error: missing ';' before identifier 'ESI'
C:\Users\adema\Desktop\Ders\Microp\Odev4\lab4-visualstudio\lab4.cpp(78,13): error C2065: 'ESI': undeclared identifier
C:\Users\adema\Desktop\Ders\Microp\Odev4\lab4-visualstudio\lab4.cpp(78,18): error C2065: 'ESI': undeclared identifier
C:\Users\adema\Desktop\Ders\Microp\Odev4\lab4-visualstudio\lab4.cpp(79,9): error C2146: syntax error: missing ';' before identifier 'outer_row'
C:\Users\adema\Desktop\Ders\Microp\Odev4\lab4-visualstudio\lab4.cpp(80,9): error C2065: 'CMP': undeclared identifier
C:\Users\adema\Desktop\Ders\Microp\Odev4\lab4-visualstudio\lab4.cpp(80,13): error C2146: syntax error: missing ';' before identifier 'ESI'
C:\Users\adema\Desktop\Ders\Microp\Odev4\lab4-visualstudio\lab4.cpp(80,13): error C2065: 'ESI': undeclared identifier
C:\Users\adema\Desktop\Ders\Microp\Odev4\lab4-visualstudio\lab4.cpp(81,13): error C2760: syntax error: 'JAE' was unexpected here; expected '{'
C:\Users\adema\Desktop\Ders\Microp\Odev4\lab4-visualstudio\lab4.cpp(81,17): error C2065: 'done_outer_row': undeclared identifier
C:\Users\adema\Desktop\Ders\Microp\Odev4\lab4-visualstudio\lab4.cpp(83,13): error C2146: syntax error: missing ',' before identifier 'XOR'
C:\Users\adema\Desktop\Ders\Microp\Odev4\lab4-visualstudio\lab4.cpp(202,23): warning C4018: '<': signed/unsigned mismatch
C:\Users\adema\Desktop\Ders\Microp\Odev4\lab4-visualstudio\lab4.cpp(203,27): warning C4018: '<': signed/unsigned mismatch
C:\Users\adema\Desktop\Ders\Microp\Odev4\lab4-visualstudio\lab4.cpp(222,23): warning C4018: '<': signed/unsigned mismatch
C:\Users\adema\Desktop\Ders\Microp\Odev4\lab4-visualstudio\lab4.cpp(223,27): warning C4018: '<': signed/unsigned mismatch
C:\Users\adema\Desktop\Ders\Microp\Odev4\lab4-visualstudio\lab4.cpp(243,23): warning C4018: '<': signed/unsigned mismatch
C:\Users\adema\Desktop\Ders\Microp\Odev4\lab4-visualstudio\lab4.cpp(244,27): warning C4018: '<': signed/unsigned mismatch
C:\Users\adema\Desktop\Ders\Microp\Odev4\lab4-visualstudio\lab4.cpp(270,19): warning C4018: '<': signed/unsigned mismatch
  test.cpp
  Generating Code...
